<?xml version="1.0" encoding="UTF-8"?>
<!-- Generated by org.testng.reporters.JUnitXMLReporter -->
<testsuite hostname="HMECL000205" name="Test in FF2" tests="3" failures="0" timestamp="23 Sep 2016 18:54:34 GMT" time="221.525" errors="0">
  <testcase name="links" time="36.278" classname="abcpack.LinksDemo"/>
  <testcase name="autocomplete" time="19.614" classname="abcpack.AutocompleteDemo"/>
  <testcase name="testBrowserHistory" time="45.31" classname="abcpack.BrowserHistoryDemo"/>
</testsuite> <!-- Test in FF2 -->
