<?xml version="1.0" encoding="UTF-8"?>
<!-- Generated by org.testng.reporters.JUnitXMLReporter -->
<testsuite hostname="HMECL000205" name="Test in FF" tests="3" failures="0" timestamp="23 Sep 2016 18:42:35 GMT" time="96.887" errors="0">
  <testcase name="links" time="15.1" classname="abcpack.LinksDemo"/>
  <testcase name="autocomplete" time="24.412" classname="abcpack.AutocompleteDemo"/>
  <testcase name="testBrowserHistory" time="16.776" classname="abcpack.BrowserHistoryDemo"/>
</testsuite> <!-- Test in FF -->
