<?xml version="1.0" encoding="UTF-8"?>
<!-- Generated by org.testng.reporters.JUnitXMLReporter -->
<testsuite hostname="HMECL000205" name="Test in FF3" tests="3" failures="0" timestamp="23 Sep 2016 18:54:39 GMT" time="226.16" errors="0">
  <testcase name="links" time="15.184" classname="abcpack.LinksDemo"/>
  <testcase name="autocomplete" time="21.105" classname="abcpack.AutocompleteDemo"/>
  <testcase name="testBrowserHistory" time="19.205" classname="abcpack.BrowserHistoryDemo"/>
</testsuite> <!-- Test in FF3 -->
