<?xml version="1.0" encoding="UTF-8"?>
<!-- Generated by org.testng.reporters.JUnitXMLReporter -->
<testsuite hostname="HMECL000205" name="Test in GC" tests="3" failures="0" timestamp="23 Sep 2016 18:42:08 GMT" time="69.834" errors="0">
  <testcase name="links" time="10.342" classname="abcpack.LinksDemo"/>
  <testcase name="autocomplete" time="17.085" classname="abcpack.AutocompleteDemo"/>
  <testcase name="testBrowserHistory" time="32.438" classname="abcpack.BrowserHistoryDemo"/>
</testsuite> <!-- Test in GC -->
