<?xml version="1.0" encoding="UTF-8"?>
<!-- Generated by org.testng.reporters.JUnitXMLReporter -->
<testsuite hostname="HMECL000205" name="Test in FF1" tests="3" failures="0" timestamp="10 Nov 2016 03:34:48 GMT" time="100.362" errors="0">
  <testcase name="links" time="13.705" classname="abcpack.LinksDemo"/>
  <testcase name="autocomplete" time="19.273" classname="abcpack.AutocompleteDemo"/>
  <testcase name="testBrowserHistory" time="16.329" classname="abcpack.BrowserHistoryDemo"/>
</testsuite> <!-- Test in FF1 -->
