<?xml version="1.0" encoding="UTF-8"?>
<!-- Generated by org.testng.reporters.JUnitXMLReporter -->
<testsuite hostname="HMECL000205" name="Test in GC2" tests="3" failures="0" timestamp="15 Oct 2016 19:43:30 GMT" time="91.176" errors="0">
  <testcase name="links" time="18.39" classname="abcpack.LinksDemo"/>
  <testcase name="autocomplete" time="29.43" classname="abcpack.AutocompleteDemo"/>
  <testcase name="testBrowserHistory" time="25.24" classname="abcpack.BrowserHistoryDemo"/>
</testsuite> <!-- Test in GC2 -->
