<?xml version="1.0" encoding="UTF-8"?>
<!-- Generated by org.testng.reporters.JUnitXMLReporter -->
<testsuite hostname="HMECL000205" name="Test in GC3" tests="3" failures="0" timestamp="15 Oct 2016 19:43:31 GMT" time="92.497" errors="0">
  <testcase name="links" time="18.052" classname="abcpack.LinksDemo"/>
  <testcase name="autocomplete" time="29.672" classname="abcpack.AutocompleteDemo"/>
  <testcase name="testBrowserHistory" time="26.726" classname="abcpack.BrowserHistoryDemo"/>
</testsuite> <!-- Test in GC3 -->
