<?xml version="1.0" encoding="UTF-8"?>
<testng-results skipped="0" failed="0" ignored="0" total="1" passed="1">
  <reporter-output>
  </reporter-output>
  <suite name="Default suite" duration-ms="114546" started-at="2018-01-23T18:10:34Z" finished-at="2018-01-23T18:12:28Z">
    <groups>
    </groups>
    <test name="Default test" duration-ms="114546" started-at="2018-01-23T18:10:34Z" finished-at="2018-01-23T18:12:28Z">
      <class name="suite1.AutomationSelneiumRegistration">
        <test-method status="PASS" signature="openBrowser()[pri:0, instance:suite1.AutomationSelneiumRegistration@2bbf4b8b]" name="openBrowser" is-config="true" duration-ms="70197" started-at="2018-01-23T10:10:34Z" finished-at="2018-01-23T10:11:44Z">
          <reporter-output>
          </reporter-output>
        </test-method> <!-- openBrowser -->
        <test-method status="PASS" signature="testPageObjects(java.lang.String, java.lang.String, java.lang.String, java.lang.String)[pri:0, instance:suite1.AutomationSelneiumRegistration@2bbf4b8b]" name="testPageObjects" duration-ms="35106" started-at="2018-01-23T10:11:48Z" data-provider="testParameterData" finished-at="2018-01-23T10:12:23Z">
          <params>
            <param index="0">
              <value>
                <![CDATA[testeer@gmail.com]]>
              </value>
            </param>
            <param index="1">
              <value>
                <![CDATA[automation]]>
              </value>
            </param>
            <param index="2">
              <value>
                <![CDATA[testing]]>
              </value>
            </param>
            <param index="3">
              <value>
                <![CDATA[testeer@gmail.com]]>
              </value>
            </param>
          </params>
          <reporter-output>
          </reporter-output>
        </test-method> <!-- testPageObjects -->
        <test-method status="PASS" signature="stop()[pri:0, instance:suite1.AutomationSelneiumRegistration@2bbf4b8b]" name="stop" is-config="true" duration-ms="5220" started-at="2018-01-23T10:12:23Z" finished-at="2018-01-23T10:12:28Z">
          <reporter-output>
          </reporter-output>
        </test-method> <!-- stop -->
      </class> <!-- suite1.AutomationSelneiumRegistration -->
    </test> <!-- Default test -->
  </suite> <!-- Default suite -->
</testng-results>
